<?xml version="1.0" encoding="UTF-8"?>
<!-- Generated by org.testng.reporters.JUnitXMLReporter -->
<testsuite ignored="0" hostname="DESKTOP-1VLL2OF" failures="1" tests="1" name="Edge Test" time="0.019" errors="0" timestamp="2023-12-21T08:43:23 IST">
  <testcase classname="testng.Crossbrowsertesting" name="fb" time="0.003">
    <failure type="java.lang.NullPointerException" message="Cannot invoke &amp;quot;org.openqa.selenium.WebDriver.get(String)&amp;quot; because &amp;quot;this.driver&amp;quot; is null">
      <![CDATA[java.lang.NullPointerException: Cannot invoke "org.openqa.selenium.WebDriver.get(String)" because "this.driver" is null
at testng.Crossbrowsertesting.fb(Crossbrowsertesting.java:35)
at java.base/java.util.ArrayList.forEach(ArrayList.java:1596)
... Removed 25 stack frames]]>
    </failure>
  </testcase> <!-- fb -->
</testsuite> <!-- Edge Test -->
